CPU INFO

Architecture:                    x86_64
CPU op-mode(s):                  32-bit, 64-bit
Byte Order:                      Little Endian
Address sizes:                   39 bits physical, 48 bits virtual
CPU(s):                          8
On-line CPU(s) list:             0-7
Thread(s) per core:              2
Core(s) per socket:              4
Socket(s):                       1
NUMA node(s):                    1
Vendor ID:                       GenuineIntel
CPU family:                      6
Model:                           142
Model name:                      Intel(R) Core(TM) i7-8550U CPU @ 1.80GHz
Stepping:                        10
CPU MHz:                         858.411
CPU max MHz:                     4000.0000
CPU min MHz:                     400.0000
BogoMIPS:                        3999.93
Virtualization:                  VT-x
L1d cache:                       128 KiB
L1i cache:                       128 KiB
L2 cache:                        1 MiB
L3 cache:                        8 MiB
NUMA node0 CPU(s):               0-7



MEM INFO

              total        used        free      shared  buff/cache   available
Mem:           7858        4653         307         826        2897        2127
Swap:          3814         115        3699



